<?xml version="1.0" encoding="UTF-8"?>
<testsuite xmlns:xsi="http://www.w3.org/2001/XMLSchema-instance" xsi:noNamespaceSchemaLocation="https://maven.apache.org/surefire/maven-surefire-plugin/xsd/surefire-test-report.xsd" name="com.zf.bk2.service.IBookServiceTest" time="0.908" tests="1" errors="1" skipped="0" failures="0">
  <properties>
    <property name="sun.desktop" value="windows"/>
    <property name="awt.toolkit" value="sun.awt.windows.WToolkit"/>
    <property name="file.encoding.pkg" value="sun.io"/>
    <property name="java.specification.version" value="1.8"/>
    <property name="sun.cpu.isalist" value="amd64"/>
    <property name="sun.jnu.encoding" value="GBK"/>
    <property name="java.class.path" value="D:\tools\apache-maven-3.6.3\boot\plexus-classworlds-2.6.0.jar;D:\tools\apache-maven-3.6.3\boot\plexus-classworlds.license;D:\tools\IntelliJ IDEA 2021.3.3\lib\idea_rt.jar;C:\Users\LENOVO\AppData\Local\JetBrains\IntelliJIdea2021.3\captureAgent\debugger-agent.jar"/>
    <property name="forkCount" value="0"/>
    <property name="java.vm.vendor" value="Oracle Corporation"/>
    <property name="sun.arch.data.model" value="64"/>
    <property name="user.variant" value=""/>
    <property name="java.vendor.url" value="http://java.oracle.com/"/>
    <property name="user.timezone" value="Asia/Shanghai"/>
    <property name="maven.conf" value="D:\tools\apache-maven-3.6.3/conf"/>
    <property name="os.name" value="Windows 10"/>
    <property name="java.vm.specification.version" value="1.8"/>
    <property name="user.country" value="CN"/>
    <property name="sun.java.launcher" value="SUN_STANDARD"/>
    <property name="sun.boot.library.path" value="C:\Program Files\Java\jdk1.8.0_144\jre\bin"/>
    <property name="sun.java.command" value="org.codehaus.classworlds.Launcher -Didea.version=2021.3.3 -s D:\tools\apache-maven-3.6.3\conf\settings.xml -Dmaven.repo.local=D:\tools\apache-maven-3.6.3\repository -Dtest=com.zf.bk2.service.IBookServiceTest#insert test-compile surefire:test -DforkCount=0 -DreuseForks=false"/>
    <property name="maven.home" value="D:\tools\apache-maven-3.6.3"/>
    <property name="test" value="com.zf.bk2.service.IBookServiceTest#insert"/>
    <property name="surefire.test.class.path" value="D:\大二杨帆Java作业\idea\mybatis\bk2\target\test-classes;D:\大二杨帆Java作业\idea\mybatis\bk2\target\classes;D:\tools\apache-maven-3.6.3\repository\junit\junit\4.12\junit-4.12.jar;D:\tools\apache-maven-3.6.3\repository\org\hamcrest\hamcrest-core\1.3\hamcrest-core-1.3.jar;D:\tools\apache-maven-3.6.3\repository\javax\servlet\javax.servlet-api\4.0.0\javax.servlet-api-4.0.0.jar;D:\tools\apache-maven-3.6.3\repository\org\mybatis\mybatis\3.4.5\mybatis-3.4.5.jar;D:\tools\apache-maven-3.6.3\repository\org\mybatis\mybatis-spring\1.3.2\mybatis-spring-1.3.2.jar;D:\tools\apache-maven-3.6.3\repository\com\github\pagehelper\pagehelper\5.1.2\pagehelper-5.1.2.jar;D:\tools\apache-maven-3.6.3\repository\com\github\jsqlparser\jsqlparser\1.0\jsqlparser-1.0.jar;D:\tools\apache-maven-3.6.3\repository\org\mybatis\caches\mybatis-ehcache\1.1.0\mybatis-ehcache-1.1.0.jar;D:\tools\apache-maven-3.6.3\repository\net\sf\ehcache\ehcache-core\2.6.11\ehcache-core-2.6.11.jar;D:\tools\apache-maven-3.6.3\repository\mysql\mysql-connector-java\5.1.44\mysql-connector-java-5.1.44.jar;D:\tools\apache-maven-3.6.3\repository\org\apache\commons\commons-dbcp2\2.1.1\commons-dbcp2-2.1.1.jar;D:\tools\apache-maven-3.6.3\repository\commons-logging\commons-logging\1.2\commons-logging-1.2.jar;D:\tools\apache-maven-3.6.3\repository\org\apache\commons\commons-pool2\2.4.3\commons-pool2-2.4.3.jar;D:\tools\apache-maven-3.6.3\repository\org\springframework\spring-core\5.0.2.RELEASE\spring-core-5.0.2.RELEASE.jar;D:\tools\apache-maven-3.6.3\repository\org\springframework\spring-jcl\5.0.2.RELEASE\spring-jcl-5.0.2.RELEASE.jar;D:\tools\apache-maven-3.6.3\repository\org\springframework\spring-beans\5.0.2.RELEASE\spring-beans-5.0.2.RELEASE.jar;D:\tools\apache-maven-3.6.3\repository\org\springframework\spring-context\5.0.2.RELEASE\spring-context-5.0.2.RELEASE.jar;D:\tools\apache-maven-3.6.3\repository\org\springframework\spring-aop\5.0.2.RELEASE\spring-aop-5.0.2.RELEASE.jar;D:\tools\apache-maven-3.6.3\repository\org\springframework\spring-expression\5.0.2.RELEASE\spring-expression-5.0.2.RELEASE.jar;D:\tools\apache-maven-3.6.3\repository\org\springframework\spring-orm\5.0.2.RELEASE\spring-orm-5.0.2.RELEASE.jar;D:\tools\apache-maven-3.6.3\repository\org\springframework\spring-jdbc\5.0.2.RELEASE\spring-jdbc-5.0.2.RELEASE.jar;D:\tools\apache-maven-3.6.3\repository\org\springframework\spring-tx\5.0.2.RELEASE\spring-tx-5.0.2.RELEASE.jar;D:\tools\apache-maven-3.6.3\repository\org\springframework\spring-aspects\5.0.2.RELEASE\spring-aspects-5.0.2.RELEASE.jar;D:\tools\apache-maven-3.6.3\repository\org\aspectj\aspectjweaver\1.8.13\aspectjweaver-1.8.13.jar;D:\tools\apache-maven-3.6.3\repository\org\springframework\spring-web\5.0.2.RELEASE\spring-web-5.0.2.RELEASE.jar;D:\tools\apache-maven-3.6.3\repository\org\springframework\spring-test\5.0.2.RELEASE\spring-test-5.0.2.RELEASE.jar;D:\tools\apache-maven-3.6.3\repository\org\springframework\spring-webmvc\5.0.2.RELEASE\spring-webmvc-5.0.2.RELEASE.jar;D:\tools\apache-maven-3.6.3\repository\org\springframework\spring-context-support\5.0.2.RELEASE\spring-context-support-5.0.2.RELEASE.jar;D:\tools\apache-maven-3.6.3\repository\com\fasterxml\jackson\core\jackson-databind\2.9.3\jackson-databind-2.9.3.jar;D:\tools\apache-maven-3.6.3\repository\com\fasterxml\jackson\core\jackson-core\2.9.3\jackson-core-2.9.3.jar;D:\tools\apache-maven-3.6.3\repository\com\fasterxml\jackson\core\jackson-annotations\2.9.3\jackson-annotations-2.9.3.jar;D:\tools\apache-maven-3.6.3\repository\org\slf4j\slf4j-api\1.7.7\slf4j-api-1.7.7.jar;D:\tools\apache-maven-3.6.3\repository\org\slf4j\jcl-over-slf4j\1.7.7\jcl-over-slf4j-1.7.7.jar;D:\tools\apache-maven-3.6.3\repository\org\apache\logging\log4j\log4j-slf4j-impl\2.9.1\log4j-slf4j-impl-2.9.1.jar;D:\tools\apache-maven-3.6.3\repository\org\apache\logging\log4j\log4j-api\2.9.1\log4j-api-2.9.1.jar;D:\tools\apache-maven-3.6.3\repository\org\apache\logging\log4j\log4j-core\2.9.1\log4j-core-2.9.1.jar;D:\tools\apache-maven-3.6.3\repository\org\apache\logging\log4j\log4j-web\2.9.1\log4j-web-2.9.1.jar;D:\tools\apache-maven-3.6.3\repository\com\lmax\disruptor\3.2.0\disruptor-3.2.0.jar;D:\tools\apache-maven-3.6.3\repository\net\sf\ehcache\ehcache\2.10.0\ehcache-2.10.0.jar;D:\tools\apache-maven-3.6.3\repository\redis\clients\jedis\2.9.0\jedis-2.9.0.jar;D:\tools\apache-maven-3.6.3\repository\org\springframework\data\spring-data-redis\1.7.1.RELEASE\spring-data-redis-1.7.1.RELEASE.jar;D:\tools\apache-maven-3.6.3\repository\org\springframework\data\spring-data-keyvalue\1.1.1.RELEASE\spring-data-keyvalue-1.1.1.RELEASE.jar;D:\tools\apache-maven-3.6.3\repository\org\springframework\data\spring-data-commons\1.12.1.RELEASE\spring-data-commons-1.12.1.RELEASE.jar;D:\tools\apache-maven-3.6.3\repository\org\springframework\spring-oxm\4.2.5.RELEASE\spring-oxm-4.2.5.RELEASE.jar;D:\tools\apache-maven-3.6.3\repository\com\belerweb\pinyin4j\2.5.1\pinyin4j-2.5.1.jar;D:\tools\apache-maven-3.6.3\repository\org\projectlombok\lombok\1.18.8\lombok-1.18.8.jar;D:\tools\apache-maven-3.6.3\repository\jstl\jstl\1.2\jstl-1.2.jar;D:\tools\apache-maven-3.6.3\repository\taglibs\standard\1.1.2\standard-1.1.2.jar;D:\tools\apache-maven-3.6.3\repository\org\apache\commons\commons-lang3\3.4\commons-lang3-3.4.jar;D:\tools\apache-maven-3.6.3\repository\ma\glasnost\orika\orika-core\1.5.4\orika-core-1.5.4.jar;D:\tools\apache-maven-3.6.3\repository\org\javassist\javassist\3.24.0-GA\javassist-3.24.0-GA.jar;D:\tools\apache-maven-3.6.3\repository\com\thoughtworks\paranamer\paranamer\2.8\paranamer-2.8.jar;D:\tools\apache-maven-3.6.3\repository\com\carrotsearch\java-sizeof\0.0.5\java-sizeof-0.0.5.jar;D:\tools\apache-maven-3.6.3\repository\org\codehaus\janino\janino\3.0.8\janino-3.0.8.jar;D:\tools\apache-maven-3.6.3\repository\org\codehaus\janino\commons-compiler\3.0.8\commons-compiler-3.0.8.jar;D:\tools\apache-maven-3.6.3\repository\org\hibernate\validator\hibernate-validator\6.0.7.Final\hibernate-validator-6.0.7.Final.jar;D:\tools\apache-maven-3.6.3\repository\javax\validation\validation-api\2.0.1.Final\validation-api-2.0.1.Final.jar;D:\tools\apache-maven-3.6.3\repository\org\jboss\logging\jboss-logging\3.3.0.Final\jboss-logging-3.3.0.Final.jar;D:\tools\apache-maven-3.6.3\repository\com\fasterxml\classmate\1.3.1\classmate-1.3.1.jar;"/>
    <property name="sun.cpu.endian" value="little"/>
    <property name="user.home" value="C:\Users\LENOVO"/>
    <property name="user.language" value="zh"/>
    <property name="java.specification.vendor" value="Oracle Corporation"/>
    <property name="java.home" value="C:\Program Files\Java\jdk1.8.0_144\jre"/>
    <property name="reuseForks" value="false"/>
    <property name="basedir" value="D:\大二杨帆Java作业\idea\mybatis\bk2"/>
    <property name="file.separator" value="\"/>
    <property name="line.separator" value="&#10;"/>
    <property name="intellij.debug.agent" value="true"/>
    <property name="java.vm.specification.vendor" value="Oracle Corporation"/>
    <property name="java.specification.name" value="Java Platform API Specification"/>
    <property name="java.awt.graphicsenv" value="sun.awt.Win32GraphicsEnvironment"/>
    <property name="sun.boot.class.path" value="C:\Program Files\Java\jdk1.8.0_144\jre\lib\resources.jar;C:\Program Files\Java\jdk1.8.0_144\jre\lib\rt.jar;C:\Program Files\Java\jdk1.8.0_144\jre\lib\sunrsasign.jar;C:\Program Files\Java\jdk1.8.0_144\jre\lib\jsse.jar;C:\Program Files\Java\jdk1.8.0_144\jre\lib\jce.jar;C:\Program Files\Java\jdk1.8.0_144\jre\lib\charsets.jar;C:\Program Files\Java\jdk1.8.0_144\jre\lib\jfr.jar;C:\Program Files\Java\jdk1.8.0_144\jre\classes;C:\Users\LENOVO\AppData\Local\JetBrains\IntelliJIdea2021.3\captureAgent\debugger-agent.jar"/>
    <property name="user.script" value=""/>
    <property name="sun.management.compiler" value="HotSpot 64-Bit Tiered Compilers"/>
    <property name="java.runtime.version" value="1.8.0_144-b01"/>
    <property name="user.name" value="LENOVO"/>
    <property name="path.separator" value=";"/>
    <property name="os.version" value="10.0"/>
    <property name="java.endorsed.dirs" value="C:\Program Files\Java\jdk1.8.0_144\jre\lib\endorsed"/>
    <property name="java.runtime.name" value="Java(TM) SE Runtime Environment"/>
    <property name="file.encoding" value="UTF-8"/>
    <property name="guice.disable.misplaced.annotation.check" value="true"/>
    <property name="java.vm.name" value="Java HotSpot(TM) 64-Bit Server VM"/>
    <property name="maven.ext.class.path" value="D:\tools\IntelliJ IDEA 2021.3.3\plugins\maven\lib\maven-event-listener.jar"/>
    <property name="localRepository" value="D:\tools\apache-maven-3.6.3\repository"/>
    <property name="java.vendor.url.bug" value="http://bugreport.sun.com/bugreport/"/>
    <property name="java.io.tmpdir" value="C:\Users\LENOVO\AppData\Local\Temp\"/>
    <property name="idea.version" value="2021.3.3"/>
    <property name="jboss.modules.system.pkgs" value="com.intellij.rt"/>
    <property name="java.version" value="1.8.0_144"/>
    <property name="user.dir" value="D:\大二杨帆Java作业\idea\mybatis\bk2"/>
    <property name="os.arch" value="amd64"/>
    <property name="maven.multiModuleProjectDirectory" value="D:\大二杨帆Java作业\idea\mybatis\bk2"/>
    <property name="java.vm.specification.name" value="Java Virtual Machine Specification"/>
    <property name="java.awt.printerjob" value="sun.awt.windows.WPrinterJob"/>
    <property name="sun.os.patch.level" value=""/>
    <property name="java.library.path" value="C:\Program Files\Java\jdk1.8.0_144\bin;C:\WINDOWS\Sun\Java\bin;C:\WINDOWS\system32;C:\WINDOWS;D:\tools\Vmware\bin\;C:\ProgramData\Oracle\Java\javapath;C:\WINDOWS\system32;C:\WINDOWS;C:\WINDOWS\System32\Wbem;C:\WINDOWS\System32\WindowsPowerShell\v1.0\;C:\WINDOWS\System32\OpenSSH\;C:\Program Files (x86)\Microsoft SQL Server\110\Tools\Binn\;C:\Program Files\Microsoft SQL Server\110\Tools\Binn\;C:\Program Files\Microsoft SQL Server\110\DTS\Binn\;C:\Program Files (x86)\Microsoft SQL Server\110\Tools\Binn\ManagementStudio\;C:\Program Files (x86)\Microsoft Visual Studio 10.0\Common7\IDE\PrivateAssemblies\;C:\Program Files (x86)\Microsoft SQL Server\110\DTS\Binn\;path：C:\Program Files\Java\jdk1.8.0_144\bin;D:\tools\apache-maven-3.6.3\bin;D:\tools\apache-maven-3.6.3\bin;D:\toolss\node-v10.15.3-win-x64;D:\toolss\node-v10.15.3-win-x64\node_global;D:\tools\xsheel7\;D:\tools\mysql-5.7.23-winx64\bin;C:\Users\LENOVO\AppData\Local\Microsoft\WindowsApps;;."/>
    <property name="java.vm.info" value="mixed mode"/>
    <property name="java.vendor" value="Oracle Corporation"/>
    <property name="java.vm.version" value="25.144-b01"/>
    <property name="classworlds.conf" value="D:\tools\apache-maven-3.6.3\bin\m2.conf"/>
    <property name="java.ext.dirs" value="C:\Program Files\Java\jdk1.8.0_144\jre\lib\ext;C:\WINDOWS\Sun\Java\lib\ext"/>
    <property name="sun.io.unicode.encoding" value="UnicodeLittle"/>
    <property name="maven.repo.local" value="D:\tools\apache-maven-3.6.3\repository"/>
    <property name="java.class.version" value="52.0"/>
  </properties>
  <testcase name="insert" classname="com.zf.bk2.service.IBookServiceTest" time="0.006">
    <error type="java.lang.NullPointerException">java.lang.NullPointerException
	at com.zf.bk2.service.IBookServiceTest.insert(IBookServiceTest.java:40)
</error>
  </testcase>
</testsuite>